<?xml version="1.0" encoding="UTF-8"?>
<testng-results skipped="0" failed="0" ignored="0" total="2" passed="2">
  <reporter-output>
  </reporter-output>
  <suite name="Default suite" duration-ms="78701" started-at="2022-07-27T05:46:41Z" finished-at="2022-07-27T05:47:59Z">
    <groups>
    </groups>
    <test name="Default test" duration-ms="78701" started-at="2022-07-27T05:46:41Z" finished-at="2022-07-27T05:47:59Z">
      <class name="BasicProj.Basicproj.DemoTest">
        <test-method status="PASS" signature="beforeMethod()[pri:0, instance:BasicProj.Basicproj.DemoTest@604ed9f0]" name="beforeMethod" is-config="true" duration-ms="20378" started-at="2022-07-27T05:46:41Z" finished-at="2022-07-27T05:47:01Z">
          <reporter-output>
          </reporter-output>
        </test-method> <!-- beforeMethod -->
        <test-method status="PASS" signature="AccessoriesPage()[pri:0, instance:BasicProj.Basicproj.DemoTest@604ed9f0]" name="AccessoriesPage" duration-ms="8641" started-at="2022-07-27T05:47:01Z" finished-at="2022-07-27T05:47:10Z">
          <reporter-output>
          </reporter-output>
        </test-method> <!-- AccessoriesPage -->
        <test-method status="PASS" signature="AfterMethod()[pri:0, instance:BasicProj.Basicproj.DemoTest@604ed9f0]" name="AfterMethod" is-config="true" duration-ms="237" started-at="2022-07-27T05:47:10Z" finished-at="2022-07-27T05:47:10Z">
          <reporter-output>
          </reporter-output>
        </test-method> <!-- AfterMethod -->
        <test-method status="PASS" signature="beforeMethod()[pri:0, instance:BasicProj.Basicproj.DemoTest@604ed9f0]" name="beforeMethod" is-config="true" duration-ms="37680" started-at="2022-07-27T05:47:10Z" finished-at="2022-07-27T05:47:48Z">
          <reporter-output>
          </reporter-output>
        </test-method> <!-- beforeMethod -->
        <test-method status="PASS" signature="podspage()[pri:0, instance:BasicProj.Basicproj.DemoTest@604ed9f0]" name="podspage" duration-ms="11471" started-at="2022-07-27T05:47:48Z" finished-at="2022-07-27T05:47:59Z">
          <reporter-output>
          </reporter-output>
        </test-method> <!-- podspage -->
        <test-method status="PASS" signature="AfterMethod()[pri:0, instance:BasicProj.Basicproj.DemoTest@604ed9f0]" name="AfterMethod" is-config="true" duration-ms="255" started-at="2022-07-27T05:47:59Z" finished-at="2022-07-27T05:47:59Z">
          <reporter-output>
          </reporter-output>
        </test-method> <!-- AfterMethod -->
      </class> <!-- BasicProj.Basicproj.DemoTest -->
    </test> <!-- Default test -->
  </suite> <!-- Default suite -->
</testng-results>
